2024/02/24 11:08:39 [emerg] 1#1: unexpected "}" in /etc/nginx/conf.d/default.conf:15
2024/02/24 11:08:39 [emerg] 1#1: unexpected "}" in /etc/nginx/conf.d/default.conf:15
2024/02/24 11:08:40 [emerg] 1#1: unexpected "}" in /etc/nginx/conf.d/default.conf:15
2024/02/24 11:08:40 [emerg] 1#1: unexpected "}" in /etc/nginx/conf.d/default.conf:15
2024/02/24 11:08:41 [emerg] 1#1: unexpected "}" in /etc/nginx/conf.d/default.conf:15
2024/02/24 11:08:43 [emerg] 1#1: unexpected "}" in /etc/nginx/conf.d/default.conf:15
2024/02/24 11:08:46 [emerg] 1#1: unexpected "}" in /etc/nginx/conf.d/default.conf:15
2024/02/24 11:08:53 [emerg] 1#1: unexpected "}" in /etc/nginx/conf.d/default.conf:15
2024/02/24 11:09:06 [emerg] 1#1: unexpected "}" in /etc/nginx/conf.d/default.conf:15
2024/02/24 11:09:31 [emerg] 1#1: unexpected "}" in /etc/nginx/conf.d/default.conf:15
2024/02/24 11:10:23 [emerg] 1#1: unexpected "}" in /etc/nginx/conf.d/default.conf:15
2024/02/24 11:11:23 [notice] 1#1: using the "epoll" event method
2024/02/24 11:11:23 [notice] 1#1: nginx/1.25.4
2024/02/24 11:11:23 [notice] 1#1: built by gcc 12.2.1 20220924 (Alpine 12.2.1_git20220924-r10) 
2024/02/24 11:11:23 [notice] 1#1: OS: Linux 6.4.16-linuxkit
2024/02/24 11:11:23 [notice] 1#1: getrlimit(RLIMIT_NOFILE): 1048576:1048576
2024/02/24 11:11:23 [notice] 1#1: start worker processes
2024/02/24 11:11:23 [notice] 1#1: start worker process 9
2024/02/24 11:11:23 [notice] 1#1: start worker process 10
2024/02/24 11:11:23 [notice] 1#1: start worker process 11
2024/02/24 11:11:23 [notice] 1#1: start worker process 12
2024/02/24 11:11:23 [notice] 1#1: start worker process 13
2024/02/24 11:11:23 [notice] 1#1: start worker process 14
2024/02/24 11:11:23 [notice] 1#1: start worker process 15
2024/02/24 11:11:23 [notice] 1#1: start worker process 16
2024/02/24 11:17:30 [notice] 1#1: using the "epoll" event method
2024/02/24 11:17:30 [notice] 1#1: nginx/1.25.4
2024/02/24 11:17:30 [notice] 1#1: built by gcc 12.2.1 20220924 (Alpine 12.2.1_git20220924-r10) 
2024/02/24 11:17:30 [notice] 1#1: OS: Linux 6.4.16-linuxkit
2024/02/24 11:17:30 [notice] 1#1: getrlimit(RLIMIT_NOFILE): 1048576:1048576
2024/02/24 11:17:30 [notice] 1#1: start worker processes
2024/02/24 11:17:30 [notice] 1#1: start worker process 9
2024/02/24 11:17:30 [notice] 1#1: start worker process 10
2024/02/24 11:17:30 [notice] 1#1: start worker process 11
2024/02/24 11:17:30 [notice] 1#1: start worker process 12
2024/02/24 11:17:30 [notice] 1#1: start worker process 13
2024/02/24 11:17:30 [notice] 1#1: start worker process 14
2024/02/24 11:17:30 [notice] 1#1: start worker process 15
2024/02/24 11:17:30 [notice] 1#1: start worker process 16
2024/02/24 12:21:12 [notice] 1#1: using the "epoll" event method
2024/02/24 12:21:12 [notice] 1#1: nginx/1.25.4
2024/02/24 12:21:12 [notice] 1#1: built by gcc 12.2.1 20220924 (Alpine 12.2.1_git20220924-r10) 
2024/02/24 12:21:12 [notice] 1#1: OS: Linux 6.4.16-linuxkit
2024/02/24 12:21:12 [notice] 1#1: getrlimit(RLIMIT_NOFILE): 1048576:1048576
2024/02/24 12:21:12 [notice] 1#1: start worker processes
2024/02/24 12:21:12 [notice] 1#1: start worker process 9
2024/02/24 12:21:12 [notice] 1#1: start worker process 10
2024/02/24 12:21:12 [notice] 1#1: start worker process 11
2024/02/24 12:21:12 [notice] 1#1: start worker process 12
2024/02/24 12:21:12 [notice] 1#1: start worker process 13
2024/02/24 12:21:12 [notice] 1#1: start worker process 14
2024/02/24 12:21:12 [notice] 1#1: start worker process 15
2024/02/24 12:21:12 [notice] 1#1: start worker process 16
2024/02/24 12:43:02 [notice] 1#1: signal 3 (SIGQUIT) received, shutting down
2024/02/24 12:43:02 [notice] 10#10: gracefully shutting down
2024/02/24 12:43:02 [notice] 10#10: exiting
2024/02/24 12:43:02 [notice] 11#11: gracefully shutting down
2024/02/24 12:43:02 [notice] 11#11: exiting
2024/02/24 12:43:02 [notice] 14#14: gracefully shutting down
2024/02/24 12:43:02 [notice] 14#14: exiting
2024/02/24 12:43:02 [notice] 15#15: gracefully shutting down
2024/02/24 12:43:02 [notice] 9#9: gracefully shutting down
2024/02/24 12:43:02 [notice] 9#9: exiting
2024/02/24 12:43:02 [notice] 16#16: gracefully shutting down
2024/02/24 12:43:02 [notice] 12#12: gracefully shutting down
2024/02/24 12:43:02 [notice] 13#13: gracefully shutting down
2024/02/24 12:43:02 [notice] 10#10: exit
2024/02/24 12:43:02 [notice] 11#11: exit
2024/02/24 12:43:02 [notice] 14#14: exit
2024/02/24 12:43:02 [notice] 15#15: exiting
2024/02/24 12:43:02 [notice] 9#9: exit
2024/02/24 12:43:02 [notice] 16#16: exiting
2024/02/24 12:43:02 [notice] 12#12: exiting
2024/02/24 12:43:02 [notice] 13#13: exiting
2024/02/24 12:43:02 [notice] 15#15: exit
2024/02/24 12:43:02 [notice] 16#16: exit
2024/02/24 12:43:02 [notice] 12#12: exit
2024/02/24 12:43:02 [notice] 13#13: exit
2024/02/24 12:43:02 [notice] 1#1: signal 17 (SIGCHLD) received from 14
2024/02/24 12:43:02 [notice] 1#1: worker process 11 exited with code 0
2024/02/24 12:43:02 [notice] 1#1: worker process 14 exited with code 0
2024/02/24 12:43:02 [notice] 1#1: signal 29 (SIGIO) received
2024/02/24 12:43:02 [notice] 1#1: signal 17 (SIGCHLD) received from 11
2024/02/24 12:43:02 [notice] 1#1: signal 17 (SIGCHLD) received from 10
2024/02/24 12:43:02 [notice] 1#1: worker process 10 exited with code 0
2024/02/24 12:43:02 [notice] 1#1: signal 29 (SIGIO) received
2024/02/24 12:43:02 [notice] 1#1: signal 17 (SIGCHLD) received from 15
2024/02/24 12:43:02 [notice] 1#1: worker process 9 exited with code 0
2024/02/24 12:43:02 [notice] 1#1: worker process 15 exited with code 0
2024/02/24 12:43:02 [notice] 1#1: signal 29 (SIGIO) received
2024/02/24 12:43:02 [notice] 1#1: signal 17 (SIGCHLD) received from 12
2024/02/24 12:43:02 [notice] 1#1: worker process 12 exited with code 0
2024/02/24 12:43:02 [notice] 1#1: worker process 13 exited with code 0
2024/02/24 12:43:02 [notice] 1#1: worker process 16 exited with code 0
2024/02/24 12:43:02 [notice] 1#1: exit
2024/02/24 03:43:02 [notice] 1#1: using the "epoll" event method
2024/02/24 03:43:02 [notice] 1#1: nginx/1.25.4
2024/02/24 03:43:02 [notice] 1#1: built by gcc 12.2.1 20220924 (Alpine 12.2.1_git20220924-r10) 
2024/02/24 03:43:02 [notice] 1#1: OS: Linux 6.4.16-linuxkit
2024/02/24 03:43:02 [notice] 1#1: getrlimit(RLIMIT_NOFILE): 1048576:1048576
2024/02/24 03:43:02 [notice] 1#1: start worker processes
2024/02/24 03:43:02 [notice] 1#1: start worker process 21
2024/02/24 03:43:02 [notice] 1#1: start worker process 22
2024/02/24 03:43:02 [notice] 1#1: start worker process 23
2024/02/24 03:43:02 [notice] 1#1: start worker process 24
2024/02/24 03:43:02 [notice] 1#1: start worker process 25
2024/02/24 03:43:02 [notice] 1#1: start worker process 26
2024/02/24 03:43:02 [notice] 1#1: start worker process 27
2024/02/24 03:43:02 [notice] 1#1: start worker process 28
2024/02/24 04:12:30 [emerg] 1#1: cannot load certificate "/etc/letsencrypt/live/frivo-online.net/fullchain.pem": BIO_new_file() failed (SSL: error:80000002:system library::No such file or directory:calling fopen(/etc/letsencrypt/live/frivo-online.net/fullchain.pem, r) error:10000080:BIO routines::no such file)
2024/02/24 04:13:38 [notice] 1#1: using the "epoll" event method
2024/02/24 04:13:38 [notice] 1#1: nginx/1.25.4
2024/02/24 04:13:38 [notice] 1#1: built by gcc 12.2.1 20220924 (Alpine 12.2.1_git20220924-r10) 
2024/02/24 04:13:38 [notice] 1#1: OS: Linux 6.4.16-linuxkit
2024/02/24 04:13:38 [notice] 1#1: getrlimit(RLIMIT_NOFILE): 1048576:1048576
2024/02/24 04:13:38 [notice] 1#1: start worker processes
2024/02/24 04:13:38 [notice] 1#1: start worker process 29
2024/02/24 04:13:38 [notice] 1#1: start worker process 30
2024/02/24 04:13:38 [notice] 1#1: start worker process 31
2024/02/24 04:13:38 [notice] 1#1: start worker process 32
2024/02/24 04:13:38 [notice] 1#1: start worker process 33
2024/02/24 04:13:38 [notice] 1#1: start worker process 34
2024/02/24 04:13:38 [notice] 1#1: start worker process 35
2024/02/24 04:13:38 [notice] 1#1: start worker process 36
2024/02/24 04:27:22 [notice] 1#1: using the "epoll" event method
2024/02/24 04:27:22 [notice] 1#1: nginx/1.25.4
2024/02/24 04:27:22 [notice] 1#1: built by gcc 12.2.1 20220924 (Alpine 12.2.1_git20220924-r10) 
2024/02/24 04:27:22 [notice] 1#1: OS: Linux 6.4.16-linuxkit
2024/02/24 04:27:22 [notice] 1#1: getrlimit(RLIMIT_NOFILE): 1048576:1048576
2024/02/24 04:27:22 [notice] 1#1: start worker processes
2024/02/24 04:27:22 [notice] 1#1: start worker process 29
2024/02/24 04:27:22 [notice] 1#1: start worker process 30
2024/02/24 04:27:22 [notice] 1#1: start worker process 31
2024/02/24 04:27:22 [notice] 1#1: start worker process 32
2024/02/24 04:27:22 [notice] 1#1: start worker process 33
2024/02/24 04:27:22 [notice] 1#1: start worker process 34
2024/02/24 04:27:22 [notice] 1#1: start worker process 35
2024/02/24 04:27:22 [notice] 1#1: start worker process 36
2024/02/24 04:28:46 [notice] 1#1: signal 3 (SIGQUIT) received, shutting down
2024/02/24 04:28:46 [notice] 29#29: gracefully shutting down
2024/02/24 04:28:46 [notice] 30#30: gracefully shutting down
2024/02/24 04:28:46 [notice] 32#32: gracefully shutting down
2024/02/24 04:28:46 [notice] 32#32: exiting
2024/02/24 04:28:46 [notice] 31#31: gracefully shutting down
2024/02/24 04:28:46 [notice] 33#33: gracefully shutting down
2024/02/24 04:28:46 [notice] 33#33: exiting
2024/02/24 04:28:46 [notice] 35#35: gracefully shutting down
2024/02/24 04:28:46 [notice] 35#35: exiting
2024/02/24 04:28:46 [notice] 34#34: gracefully shutting down
2024/02/24 04:28:46 [notice] 36#36: gracefully shutting down
2024/02/24 04:28:46 [notice] 29#29: exiting
2024/02/24 04:28:46 [notice] 30#30: exiting
2024/02/24 04:28:46 [notice] 32#32: exit
2024/02/24 04:28:46 [notice] 31#31: exiting
2024/02/24 04:28:46 [notice] 33#33: exit
2024/02/24 04:28:46 [notice] 35#35: exit
2024/02/24 04:28:46 [notice] 34#34: exiting
2024/02/24 04:28:46 [notice] 36#36: exiting
2024/02/24 04:28:46 [notice] 29#29: exit
2024/02/24 04:28:46 [notice] 30#30: exit
2024/02/24 04:28:46 [notice] 31#31: exit
2024/02/24 04:28:46 [notice] 34#34: exit
2024/02/24 04:28:46 [notice] 36#36: exit
2024/02/24 04:28:46 [notice] 1#1: signal 17 (SIGCHLD) received from 35
2024/02/24 04:28:46 [notice] 1#1: worker process 35 exited with code 0
2024/02/24 04:28:46 [notice] 1#1: signal 29 (SIGIO) received
2024/02/24 04:28:46 [notice] 1#1: signal 17 (SIGCHLD) received from 32
2024/02/24 04:28:46 [notice] 1#1: worker process 29 exited with code 0
2024/02/24 04:28:46 [notice] 1#1: worker process 32 exited with code 0
2024/02/24 04:28:46 [notice] 1#1: worker process 33 exited with code 0
2024/02/24 04:28:46 [notice] 1#1: worker process 34 exited with code 0
2024/02/24 04:28:46 [notice] 1#1: signal 29 (SIGIO) received
2024/02/24 04:28:46 [notice] 1#1: signal 17 (SIGCHLD) received from 34
2024/02/24 04:28:46 [notice] 1#1: signal 17 (SIGCHLD) received from 31
2024/02/24 04:28:46 [notice] 1#1: worker process 31 exited with code 0
2024/02/24 04:28:46 [notice] 1#1: worker process 36 exited with code 0
2024/02/24 04:28:46 [notice] 1#1: signal 29 (SIGIO) received
2024/02/24 04:28:46 [notice] 1#1: signal 17 (SIGCHLD) received from 30
2024/02/24 04:28:46 [notice] 1#1: worker process 30 exited with code 0
2024/02/24 04:28:46 [notice] 1#1: exit
2024/02/24 04:28:47 [notice] 1#1: using the "epoll" event method
2024/02/24 04:28:47 [notice] 1#1: nginx/1.25.4
2024/02/24 04:28:47 [notice] 1#1: built by gcc 12.2.1 20220924 (Alpine 12.2.1_git20220924-r10) 
2024/02/24 04:28:47 [notice] 1#1: OS: Linux 6.4.16-linuxkit
2024/02/24 04:28:47 [notice] 1#1: getrlimit(RLIMIT_NOFILE): 1048576:1048576
2024/02/24 04:28:47 [notice] 1#1: start worker processes
2024/02/24 04:28:47 [notice] 1#1: start worker process 29
2024/02/24 04:28:47 [notice] 1#1: start worker process 30
2024/02/24 04:28:47 [notice] 1#1: start worker process 31
2024/02/24 04:28:47 [notice] 1#1: start worker process 32
2024/02/24 04:28:47 [notice] 1#1: start worker process 33
2024/02/24 04:28:47 [notice] 1#1: start worker process 34
2024/02/24 04:28:47 [notice] 1#1: start worker process 35
2024/02/24 04:28:47 [notice] 1#1: start worker process 36
2024/02/24 04:28:54 [notice] 1#1: signal 3 (SIGQUIT) received, shutting down
2024/02/24 04:28:54 [notice] 29#29: gracefully shutting down
2024/02/24 04:28:54 [notice] 29#29: exiting
2024/02/24 04:28:54 [notice] 35#35: gracefully shutting down
2024/02/24 04:28:54 [notice] 32#32: gracefully shutting down
2024/02/24 04:28:54 [notice] 30#30: gracefully shutting down
2024/02/24 04:28:54 [notice] 33#33: gracefully shutting down
2024/02/24 04:28:54 [notice] 31#31: gracefully shutting down
2024/02/24 04:28:54 [notice] 36#36: gracefully shutting down
2024/02/24 04:28:54 [notice] 34#34: gracefully shutting down
2024/02/24 04:28:54 [notice] 34#34: exiting
2024/02/24 04:28:54 [notice] 29#29: exit
2024/02/24 04:28:54 [notice] 35#35: exiting
2024/02/24 04:28:54 [notice] 32#32: exiting
2024/02/24 04:28:54 [notice] 30#30: exiting
2024/02/24 04:28:54 [notice] 33#33: exiting
2024/02/24 04:28:54 [notice] 31#31: exiting
2024/02/24 04:28:54 [notice] 36#36: exiting
2024/02/24 04:28:54 [notice] 34#34: exit
2024/02/24 04:28:54 [notice] 35#35: exit
2024/02/24 04:28:54 [notice] 32#32: exit
2024/02/24 04:28:54 [notice] 30#30: exit
2024/02/24 04:28:54 [notice] 33#33: exit
2024/02/24 04:28:54 [notice] 31#31: exit
2024/02/24 04:28:54 [notice] 36#36: exit
2024/02/24 04:28:54 [notice] 1#1: signal 17 (SIGCHLD) received from 35
2024/02/24 04:28:54 [notice] 1#1: worker process 35 exited with code 0
2024/02/24 04:28:54 [notice] 1#1: worker process 36 exited with code 0
2024/02/24 04:28:54 [notice] 1#1: signal 29 (SIGIO) received
2024/02/24 04:28:54 [notice] 1#1: signal 17 (SIGCHLD) received from 31
2024/02/24 04:28:54 [notice] 1#1: worker process 29 exited with code 0
2024/02/24 04:28:54 [notice] 1#1: worker process 31 exited with code 0
2024/02/24 04:28:54 [notice] 1#1: signal 29 (SIGIO) received
2024/02/24 04:28:54 [notice] 1#1: signal 17 (SIGCHLD) received from 34
2024/02/24 04:28:54 [notice] 1#1: worker process 33 exited with code 0
2024/02/24 04:28:54 [notice] 1#1: worker process 34 exited with code 0
2024/02/24 04:28:54 [notice] 1#1: signal 29 (SIGIO) received
2024/02/24 04:28:54 [notice] 1#1: signal 17 (SIGCHLD) received from 33
2024/02/24 04:28:54 [notice] 1#1: signal 17 (SIGCHLD) received from 32
2024/02/24 04:28:54 [notice] 1#1: worker process 30 exited with code 0
2024/02/24 04:28:54 [notice] 1#1: worker process 32 exited with code 0
2024/02/24 04:28:54 [notice] 1#1: exit
2024/02/24 04:28:56 [notice] 1#1: using the "epoll" event method
2024/02/24 04:28:56 [notice] 1#1: nginx/1.25.4
2024/02/24 04:28:56 [notice] 1#1: built by gcc 12.2.1 20220924 (Alpine 12.2.1_git20220924-r10) 
2024/02/24 04:28:56 [notice] 1#1: OS: Linux 6.4.16-linuxkit
2024/02/24 04:28:56 [notice] 1#1: getrlimit(RLIMIT_NOFILE): 1048576:1048576
2024/02/24 04:28:56 [notice] 1#1: start worker processes
2024/02/24 04:28:56 [notice] 1#1: start worker process 29
2024/02/24 04:28:56 [notice] 1#1: start worker process 30
2024/02/24 04:28:56 [notice] 1#1: start worker process 31
2024/02/24 04:28:56 [notice] 1#1: start worker process 32
2024/02/24 04:28:56 [notice] 1#1: start worker process 33
2024/02/24 04:28:56 [notice] 1#1: start worker process 34
2024/02/24 04:28:56 [notice] 1#1: start worker process 35
2024/02/24 04:28:56 [notice] 1#1: start worker process 36
2024/02/24 04:29:41 [notice] 1#1: using the "epoll" event method
2024/02/24 04:29:41 [notice] 1#1: nginx/1.25.4
2024/02/24 04:29:41 [notice] 1#1: built by gcc 12.2.1 20220924 (Alpine 12.2.1_git20220924-r10) 
2024/02/24 04:29:41 [notice] 1#1: OS: Linux 6.4.16-linuxkit
2024/02/24 04:29:41 [notice] 1#1: getrlimit(RLIMIT_NOFILE): 1048576:1048576
2024/02/24 04:29:41 [notice] 1#1: start worker processes
2024/02/24 04:29:41 [notice] 1#1: start worker process 29
2024/02/24 04:29:41 [notice] 1#1: start worker process 30
2024/02/24 04:29:41 [notice] 1#1: start worker process 31
2024/02/24 04:29:41 [notice] 1#1: start worker process 32
2024/02/24 04:29:41 [notice] 1#1: start worker process 33
2024/02/24 04:29:41 [notice] 1#1: start worker process 34
2024/02/24 04:29:41 [notice] 1#1: start worker process 35
2024/02/24 04:29:41 [notice] 1#1: start worker process 36
2024/02/24 04:43:57 [notice] 1#1: using the "epoll" event method
2024/02/24 04:43:57 [notice] 1#1: nginx/1.25.4
2024/02/24 04:43:57 [notice] 1#1: built by gcc 12.2.1 20220924 (Alpine 12.2.1_git20220924-r10) 
2024/02/24 04:43:57 [notice] 1#1: OS: Linux 6.4.16-linuxkit
2024/02/24 04:43:57 [notice] 1#1: getrlimit(RLIMIT_NOFILE): 1048576:1048576
2024/02/24 04:43:57 [notice] 1#1: start worker processes
2024/02/24 04:43:57 [notice] 1#1: start worker process 29
2024/02/24 04:43:57 [notice] 1#1: start worker process 30
2024/02/24 04:43:57 [notice] 1#1: start worker process 31
2024/02/24 04:43:57 [notice] 1#1: start worker process 32
2024/02/24 04:43:57 [notice] 1#1: start worker process 33
2024/02/24 04:43:57 [notice] 1#1: start worker process 34
2024/02/24 04:43:57 [notice] 1#1: start worker process 35
2024/02/24 04:43:57 [notice] 1#1: start worker process 36
2024/02/24 04:46:42 [notice] 1#1: signal 3 (SIGQUIT) received, shutting down
2024/02/24 04:46:42 [notice] 33#33: gracefully shutting down
2024/02/24 04:46:42 [notice] 30#30: gracefully shutting down
2024/02/24 04:46:42 [notice] 34#34: gracefully shutting down
2024/02/24 04:46:42 [notice] 29#29: gracefully shutting down
2024/02/24 04:46:42 [notice] 36#36: gracefully shutting down
2024/02/24 04:46:42 [notice] 31#31: gracefully shutting down
2024/02/24 04:46:42 [notice] 35#35: gracefully shutting down
2024/02/24 04:46:42 [notice] 32#32: gracefully shutting down
2024/02/24 04:46:42 [notice] 33#33: exiting
2024/02/24 04:46:42 [notice] 30#30: exiting
2024/02/24 04:46:42 [notice] 34#34: exiting
2024/02/24 04:46:42 [notice] 29#29: exiting
2024/02/24 04:46:42 [notice] 36#36: exiting
2024/02/24 04:46:42 [notice] 31#31: exiting
2024/02/24 04:46:42 [notice] 35#35: exiting
2024/02/24 04:46:42 [notice] 32#32: exiting
2024/02/24 04:46:42 [notice] 35#35: exit
2024/02/24 04:46:42 [notice] 33#33: exit
2024/02/24 04:46:42 [notice] 30#30: exit
2024/02/24 04:46:42 [notice] 34#34: exit
2024/02/24 04:46:42 [notice] 29#29: exit
2024/02/24 04:46:42 [notice] 36#36: exit
2024/02/24 04:46:42 [notice] 31#31: exit
2024/02/24 04:46:42 [notice] 32#32: exit
2024/02/24 04:46:42 [notice] 1#1: signal 17 (SIGCHLD) received from 35
2024/02/24 04:46:42 [notice] 1#1: worker process 35 exited with code 0
2024/02/24 04:46:42 [notice] 1#1: signal 29 (SIGIO) received
2024/02/24 04:46:42 [notice] 1#1: signal 17 (SIGCHLD) received from 33
2024/02/24 04:46:42 [notice] 1#1: worker process 29 exited with code 0
2024/02/24 04:46:42 [notice] 1#1: worker process 30 exited with code 0
2024/02/24 04:46:42 [notice] 1#1: worker process 33 exited with code 0
2024/02/24 04:46:42 [notice] 1#1: worker process 34 exited with code 0
2024/02/24 04:46:42 [notice] 1#1: signal 29 (SIGIO) received
2024/02/24 04:46:42 [notice] 1#1: signal 17 (SIGCHLD) received from 29
2024/02/24 04:46:42 [notice] 1#1: signal 17 (SIGCHLD) received from 36
2024/02/24 04:46:42 [notice] 1#1: worker process 36 exited with code 0
2024/02/24 04:46:42 [notice] 1#1: signal 29 (SIGIO) received
2024/02/24 04:46:42 [notice] 1#1: signal 17 (SIGCHLD) received from 32
2024/02/24 04:46:42 [notice] 1#1: worker process 31 exited with code 0
2024/02/24 04:46:42 [notice] 1#1: worker process 32 exited with code 0
2024/02/24 04:46:42 [notice] 1#1: exit
2024/02/24 04:46:42 [notice] 1#1: using the "epoll" event method
2024/02/24 04:46:42 [notice] 1#1: nginx/1.25.4
2024/02/24 04:46:42 [notice] 1#1: built by gcc 12.2.1 20220924 (Alpine 12.2.1_git20220924-r10) 
2024/02/24 04:46:42 [notice] 1#1: OS: Linux 6.4.16-linuxkit
2024/02/24 04:46:42 [notice] 1#1: getrlimit(RLIMIT_NOFILE): 1048576:1048576
2024/02/24 04:46:42 [notice] 1#1: start worker processes
2024/02/24 04:46:42 [notice] 1#1: start worker process 30
2024/02/24 04:46:42 [notice] 1#1: start worker process 31
2024/02/24 04:46:42 [notice] 1#1: start worker process 32
2024/02/24 04:46:42 [notice] 1#1: start worker process 33
2024/02/24 04:46:42 [notice] 1#1: start worker process 34
2024/02/24 04:46:42 [notice] 1#1: start worker process 35
2024/02/24 04:46:42 [notice] 1#1: start worker process 36
2024/02/24 04:46:42 [notice] 1#1: start worker process 37
2024/02/24 04:49:08 [notice] 1#1: signal 3 (SIGQUIT) received, shutting down
2024/02/24 04:49:08 [notice] 30#30: gracefully shutting down
2024/02/24 04:49:08 [notice] 32#32: gracefully shutting down
2024/02/24 04:49:08 [notice] 35#35: gracefully shutting down
2024/02/24 04:49:08 [notice] 34#34: gracefully shutting down
2024/02/24 04:49:08 [notice] 31#31: gracefully shutting down
2024/02/24 04:49:08 [notice] 33#33: gracefully shutting down
2024/02/24 04:49:08 [notice] 33#33: exiting
2024/02/24 04:49:08 [notice] 37#37: gracefully shutting down
2024/02/24 04:49:08 [notice] 36#36: gracefully shutting down
2024/02/24 04:49:08 [notice] 30#30: exiting
2024/02/24 04:49:08 [notice] 35#35: exiting
2024/02/24 04:49:08 [notice] 32#32: exiting
2024/02/24 04:49:08 [notice] 34#34: exiting
2024/02/24 04:49:08 [notice] 35#35: exit
2024/02/24 04:49:08 [notice] 31#31: exiting
2024/02/24 04:49:08 [notice] 33#33: exit
2024/02/24 04:49:08 [notice] 37#37: exiting
2024/02/24 04:49:08 [notice] 36#36: exiting
2024/02/24 04:49:08 [notice] 30#30: exit
2024/02/24 04:49:08 [notice] 34#34: exit
2024/02/24 04:49:08 [notice] 31#31: exit
2024/02/24 04:49:08 [notice] 32#32: exit
2024/02/24 04:49:08 [notice] 37#37: exit
2024/02/24 04:49:08 [notice] 36#36: exit
2024/02/24 04:49:08 [notice] 1#1: signal 17 (SIGCHLD) received from 34
2024/02/24 04:49:08 [notice] 1#1: worker process 32 exited with code 0
2024/02/24 04:49:08 [notice] 1#1: worker process 34 exited with code 0
2024/02/24 04:49:08 [notice] 1#1: worker process 36 exited with code 0
2024/02/24 04:49:08 [notice] 1#1: signal 29 (SIGIO) received
2024/02/24 04:49:08 [notice] 1#1: signal 17 (SIGCHLD) received from 30
2024/02/24 04:49:08 [notice] 1#1: worker process 30 exited with code 0
2024/02/24 04:49:08 [notice] 1#1: signal 29 (SIGIO) received
2024/02/24 04:49:08 [notice] 1#1: signal 17 (SIGCHLD) received from 31
2024/02/24 04:49:08 [notice] 1#1: worker process 31 exited with code 0
2024/02/24 04:49:08 [notice] 1#1: worker process 33 exited with code 0
2024/02/24 04:49:08 [notice] 1#1: worker process 35 exited with code 0
2024/02/24 04:49:08 [notice] 1#1: worker process 37 exited with code 0
2024/02/24 04:49:08 [notice] 1#1: exit
2024/02/24 04:49:09 [notice] 1#1: using the "epoll" event method
2024/02/24 04:49:09 [notice] 1#1: nginx/1.25.4
2024/02/24 04:49:09 [notice] 1#1: built by gcc 12.2.1 20220924 (Alpine 12.2.1_git20220924-r10) 
2024/02/24 04:49:09 [notice] 1#1: OS: Linux 6.4.16-linuxkit
2024/02/24 04:49:09 [notice] 1#1: getrlimit(RLIMIT_NOFILE): 1048576:1048576
2024/02/24 04:49:09 [notice] 1#1: start worker processes
2024/02/24 04:49:09 [notice] 1#1: start worker process 29
2024/02/24 04:49:09 [notice] 1#1: start worker process 30
2024/02/24 04:49:09 [notice] 1#1: start worker process 31
2024/02/24 04:49:09 [notice] 1#1: start worker process 32
2024/02/24 04:49:09 [notice] 1#1: start worker process 33
2024/02/24 04:49:09 [notice] 1#1: start worker process 34
2024/02/24 04:49:09 [notice] 1#1: start worker process 35
2024/02/24 04:49:09 [notice] 1#1: start worker process 36
